<?xml version="1.0" encoding="UTF-8"?>
<!-- Generated by org.testng.reporters.JUnitReportReporter -->
<testsuite hostname="Farukh" failures="0" tests="4" name="api.test.UserTests2" time="2.390" errors="0" timestamp="2025-02-07T11:55:13 EST" skipped="0">
  <testcase classname="api.test.UserTests2" name="testCreateUser" time="1.732"/>
  <testcase classname="api.test.UserTests2" name="testGetUserByName" time="0.218"/>
  <testcase classname="api.test.UserTests2" name="testUpdateUser" time="0.288"/>
  <testcase classname="api.test.UserTests2" name="testDeleteUserByName" time="0.152"/>
</testsuite> <!-- api.test.UserTests2 -->
