<?xml version="1.0" encoding="UTF-8"?>
<!-- Generated by org.testng.reporters.JUnitReportReporter -->
<testsuite hostname="Farukh" failures="0" tests="4" name="api.test.UserTests" time="2.149" errors="0" timestamp="2025-02-06T09:26:21 EST" skipped="0">
  <testcase classname="api.test.UserTests" name="testCreateUser" time="1.362"/>
  <testcase classname="api.test.UserTests" name="testGetUserByName" time="0.236"/>
  <testcase classname="api.test.UserTests" name="testUpdateUser" time="0.396"/>
  <testcase classname="api.test.UserTests" name="testDeleteUserByName" time="0.155"/>
</testsuite> <!-- api.test.UserTests -->
