<?xml version="1.0" encoding="UTF-8"?>
<!-- Generated by org.testng.reporters.JUnitReportReporter -->
<testsuite hostname="Farukh" failures="0" tests="6" name="api.test.DDTest" time="1.331" errors="0" timestamp="2025-02-06T09:26:21 EST" skipped="0">
  <testcase classname="api.test.DDTest" name="testPostUser" time="0.231"/>
  <testcase classname="api.test.DDTest" name="testPostUser" time="0.198"/>
  <testcase classname="api.test.DDTest" name="testPostUser" time="0.234"/>
  <testcase classname="api.test.DDTest" name="testDeleteUserByName" time="0.211"/>
  <testcase classname="api.test.DDTest" name="testDeleteUserByName" time="0.221"/>
  <testcase classname="api.test.DDTest" name="testDeleteUserByName" time="0.236"/>
</testsuite> <!-- api.test.DDTest -->
