<?xml version="1.0" encoding="UTF-8"?>
<!-- Generated by org.testng.reporters.JUnitReportReporter -->
<testsuite hostname="Farukh" failures="0" tests="4" name="api.test.UserTests" time="2.978" errors="0" timestamp="2025-02-07T16:22:20 EST" skipped="0">
  <testcase classname="api.test.UserTests" name="testCreateUser" time="2.206"/>
  <testcase classname="api.test.UserTests" name="testGetUserByName" time="0.252"/>
  <testcase classname="api.test.UserTests" name="testUpdateUser" time="0.306"/>
  <testcase classname="api.test.UserTests" name="testDeleteUserByName" time="0.214"/>
</testsuite> <!-- api.test.UserTests -->
