<?xml version="1.0" encoding="UTF-8"?>
<!-- Generated by org.testng.reporters.JUnitReportReporter -->
<testsuite hostname="Farukh" failures="0" tests="6" name="api.test.DDTest" time="1.034" errors="0" timestamp="2025-02-07T16:22:20 EST" skipped="0">
  <testcase classname="api.test.DDTest" name="testPostUser" time="0.204"/>
  <testcase classname="api.test.DDTest" name="testPostUser" time="0.151"/>
  <testcase classname="api.test.DDTest" name="testPostUser" time="0.165"/>
  <testcase classname="api.test.DDTest" name="testDeleteUserByName" time="0.156"/>
  <testcase classname="api.test.DDTest" name="testDeleteUserByName" time="0.214"/>
  <testcase classname="api.test.DDTest" name="testDeleteUserByName" time="0.144"/>
</testsuite> <!-- api.test.DDTest -->
